<?xml version="1.0" encoding="UTF-8"?>
<testng-results ignored="0" total="0" passed="0" failed="0" skipped="0">
  <reporter-output>
  </reporter-output>
  <suite started-at="2021-02-10T13:08:41 PST" name="Surefire suite" finished-at="2021-02-10T13:09:48 PST" duration-ms="66781">
    <groups>
    </groups>
    <test started-at="2021-02-10T13:08:41 PST" name="Surefire test" finished-at="2021-02-10T13:09:48 PST" duration-ms="66781">
    </test> <!-- Surefire test -->
  </suite> <!-- Surefire suite -->
</testng-results>
